Removed Pin From Net: NetName=VBUS Pin=C?-1
Removed Pin From Net: NetName=NetJ3_2 Pin=R17-2
Removed Pin From Net: NetName=GND Pin=R18-1
Removed Pin From Net: NetName=NetJ4_2 Pin=R19-2
Removed Pin From Net: NetName=GND Pin=R20-1
Removed Pin From Net: NetName=NetJ5_2 Pin=R21-2
Removed Pin From Net: NetName=GND Pin=R22-1
Removed Pin From Net: NetName=NetJ6_2 Pin=R23-2
Removed Pin From Net: NetName=GND Pin=R24-1
Removed Pin From Net: NetName=ADC1_IN13 Pin=U6-1
Removed Pin From Net: NetName=GND Pin=U6-2
Removed Pin From Net: NetName=ADC1_IN13 Pin=U6-4
Removed Pin From Net: NetName=+3.3V Pin=U6-5
Removed Member From Class: ClassName=sensors Member=R17
Removed Member From Class: ClassName=sensors Member=R18
Removed Member From Class: ClassName=sensors Member=R19
Removed Member From Class: ClassName=sensors Member=R20
Removed Member From Class: ClassName=sensors Member=R21
Removed Member From Class: ClassName=sensors Member=R22
Removed Member From Class: ClassName=sensors Member=R23
Removed Member From Class: ClassName=sensors Member=R24
Removed Member From Class: ClassName=sensors Member=U6
Change Component Footprint: Designator=U3 Old Footprint=TI-DBV5_L New Footprint=FP-DCK0005A-IPC_B
Change Component Footprint: Designator=U4 Old Footprint=TI-DBV5_L New Footprint=FP-DCK0005A-IPC_B
Change Component Footprint: Designator=U5 Old Footprint=TI-DBV5_L New Footprint=FP-DCK0005A-IPC_B
Change Component Comment : Designator=U3 Old Comment=OPA333AIDBVRG4 New Comment=LM321LVIDCKR
Change Component Comment : Designator=U4 Old Comment=OPA333AIDBVRG4 New Comment=LM321LVIDCKR
Change Component Comment : Designator=U5 Old Comment=OPA333AIDBVRG4 New Comment=LM321LVIDCKR
Change Managed Component Library Link : Designator=U3 Old VaultGUID=B7D15EC3-160A-466F-A46C-7801FE6295A7 New VaultGUID=B7D15EC3-160A-466F-A46C-7801FE6295A7 Old ItemGUID=A42ADA88-00D1-4C4B-A078-5D5EA212D678 New ItemGUID=8EE0E852-9C50-43E4-8BEE-6C113ED03D64 Old RevisionGUID=B88D98C3-B391-49E3-9676-91E5E1DB3DB8 New RevisionGUID=181CB7A1-653E-4F89-95E0-655557454039
Change Managed Component Library Link : Designator=U4 Old VaultGUID=B7D15EC3-160A-466F-A46C-7801FE6295A7 New VaultGUID=B7D15EC3-160A-466F-A46C-7801FE6295A7 Old ItemGUID=A42ADA88-00D1-4C4B-A078-5D5EA212D678 New ItemGUID=8EE0E852-9C50-43E4-8BEE-6C113ED03D64 Old RevisionGUID=B88D98C3-B391-49E3-9676-91E5E1DB3DB8 New RevisionGUID=181CB7A1-653E-4F89-95E0-655557454039
Change Managed Component Library Link : Designator=U5 Old VaultGUID=B7D15EC3-160A-466F-A46C-7801FE6295A7 New VaultGUID=B7D15EC3-160A-466F-A46C-7801FE6295A7 Old ItemGUID=A42ADA88-00D1-4C4B-A078-5D5EA212D678 New ItemGUID=8EE0E852-9C50-43E4-8BEE-6C113ED03D64 Old RevisionGUID=B88D98C3-B391-49E3-9676-91E5E1DB3DB8 New RevisionGUID=181CB7A1-653E-4F89-95E0-655557454039
Change component parameters: Designator = "U3" ("U3"); Footprint = "TI-DBV5_L"; UniqueID = "\YNZQUSZV" ("\YNZQUSZV")
Change component parameters (AddParameter): Name = "RoHS Compliant"; Value = "Yes"; VariantName = "[No Variations]"
Change component parameters: Designator = "U4" ("U4"); Footprint = "TI-DBV5_L"; UniqueID = "\OXGJFRZC" ("\OXGJFRZC")
Change component parameters (AddParameter): Name = "RoHS Compliant"; Value = "Yes"; VariantName = "[No Variations]"
Change component parameters: Designator = "U5" ("U5"); Footprint = "TI-DBV5_L"; UniqueID = "\QDIIYTFI" ("\QDIIYTFI")
Change component parameters (AddParameter): Name = "RoHS Compliant"; Value = "Yes"; VariantName = "[No Variations]"
Add Component: Footprint Not Found CAPC3225X280
Add Component: Footprint Not Found CAPC3225X280
Add Component: Footprint Not Found CAPC3225X280
Add Component: Footprint Not Found CAPC3225X280
Add Component: Footprint Not Found SAMTEC-FTSH-107-01-X-DV
Add Component: Footprint Not Found 1660
Added Component: Designator=U?(FP-DCK0005A-IPC_B)
Add component (AddParameter): Name = "RoHS Compliant"; Value = "Yes"; VariantName = "[No Variations]"
Added Pin To Net: NetName=+3.3V Pin=C?-1
Added Pin To Net: NetName=+5V Pin=C?-1
Added Pin To Net: NetName=VBUS Pin=C?-1
Added Pin To Net: NetName=+3.3V Pin=C?-2
Added Pin To Net: NetName=+3.3V Pin=C?-2
Added Pin To Net: NetName=+3.3V Pin=C?-2
Added Pin To Net: NetName=+3.3V Pin=C?-2
Add Pin To Net: Unknown Pin: Pin H1-3
Add Pin To Net: Unknown Pin: Pin H1-4
Add Pin To Net: Unknown Pin: Pin H1-5
Add Pin To Net: Unknown Pin: Pin H1-6
Add Pin To Net: Unknown Pin: Pin H1-7
Add Pin To Net: Unknown Pin: Pin H1-8
Add Pin To Net: Unknown Pin: Pin H1-11
Add Pin To Net: Unknown Pin: Pin H1-12
Add Pin To Net: Unknown Pin: Pin H1-13
Add Pin To Net: Unknown Pin: Pin H1-14
Add Pin To Net: Unknown Pin: Pin J1-1
Add Pin To Net: Unknown Pin: Pin J1-2
Add Pin To Net: Unknown Pin: Pin J1-3
Add Pin To Net: Unknown Pin: Pin J1-4
Add Pin To Net: Unknown Pin: Pin J1-5
Add Pin To Net: Unknown Pin: Pin J1-6
Add Pin To Net: Unknown Pin: Pin J1-7
Add Pin To Net: Unknown Pin: Pin J1-8
Add Pin To Net: Unknown Pin: Pin J1-9
Add Pin To Net: Unknown Pin: Pin J1-10
Add Pin To Net: Unknown Pin: Pin J1-11
Add Pin To Net: Unknown Pin: Pin J1-12
Added Pin To Net: NetName=NetJ3_2 Pin=U3-3
Added Pin To Net: NetName=NetJ4_2 Pin=U4-3
Added Pin To Net: NetName=NetJ5_2 Pin=U5-3
Added Pin To Net: NetName=ADC1_IN13 Pin=U?-1
Added Pin To Net: NetName=GND Pin=U?-2
Added Pin To Net: NetName=NetJ6_2 Pin=U?-3
Added Pin To Net: NetName=ADC1_IN13 Pin=U?-4
Added Pin To Net: NetName=+3.3V Pin=U?-5
Change Net Name : Old Net Name=NetR26_1 New Net Name=MCU_PUSH_BUTTON
Change Net Name : Old Net Name=NetR28_1 New Net Name=OSC_32_IN
Change Net Name : Old Net Name=NetR29_1 New Net Name=OSC_32_OUT
Added Member To Class: ClassName=power Member=Component C? C1210C107M9PACTU
Added Member To Class: ClassName=power Member=Component C? C0603C104K5RAC7082
Added Member To Class: ClassName=power Member=Component C? C0603C104K5RAC7082
Added Member To Class: ClassName=power Member=Component C? C1210C476M9PACTU
Added Member To Class: ClassName=power Member=Component C? C1210C107M9PACTU
Added Member To Class: ClassName=power Member=Component C? C1210C107M9PACTU
Added Member To Class: ClassName=power Member=Component C? C1210C476M9PACTU
Added Member To Class: ClassName=sensors Member=Component C? C0603C105M8PACTU
Added Member To Class: ClassName=sensors Member=Component C? C0603C105M8PACTU
Added Member To Class: ClassName=sensors Member=Component C? C0603C105M8PACTU
Add Class Member: Failed to add class member : Component H1 SAMTEC-FTSH-107-01-X-DVJ
Add Class Member: Failed to add class member : Component J1 1660
Added Member To Class: ClassName=sensors Member=Component U? LM321LVIDCKR
