Removed Pin From Net: NetName=GND Pin=C?-1
Removed Pin From Net: NetName=GND Pin=C?-1
Removed Pin From Net: NetName=GND Pin=C?-1
Removed Pin From Net: NetName=+3.3V Pin=C?-2
Removed Pin From Net: NetName=+3.3V Pin=C?-2
Removed Pin From Net: NetName=+3.3V Pin=C?-2
Removed Pin From Net: NetName=GND Pin=J4-1
Removed Pin From Net: NetName=GND Pin=J5-1
Removed Pin From Net: NetName=GND Pin=J6-1
Removed Pin From Net: NetName=MCU BOOT0 Pin=U1-2
Removed Pin From Net: NetName=MCU_PUSH_BUTTON Pin=U1-2
Removed Pin From Net: NetName=ADC1_IN1 Pin=U4-1
Removed Pin From Net: NetName=GND Pin=U4-2
Removed Pin From Net: NetName=ADC1_IN1 Pin=U4-4
Removed Pin From Net: NetName=+3.3V Pin=U4-5
Removed Pin From Net: NetName=ADC1_IN12 Pin=U5-1
Removed Pin From Net: NetName=GND Pin=U5-2
Removed Pin From Net: NetName=ADC1_IN12 Pin=U5-4
Removed Pin From Net: NetName=+3.3V Pin=U5-5
Removed Pin From Net: NetName=ADC1_IN13 Pin=U6-1
Removed Pin From Net: NetName=GND Pin=U6-2
Removed Pin From Net: NetName=ADC1_IN13 Pin=U6-4
Removed Pin From Net: NetName=+3.3V Pin=U6-5
Removed Member From Class: ClassName=sensors Member=J4
Removed Member From Class: ClassName=sensors Member=J5
Removed Member From Class: ClassName=sensors Member=J6
Removed Member From Class: ClassName=sensors Member=U4
Removed Member From Class: ClassName=sensors Member=U5
Removed Member From Class: ClassName=sensors Member=U6
Add Pin To Net: Unknown Pin: Pin H1-3
Add Pin To Net: Unknown Pin: Pin H1-4
Add Pin To Net: Unknown Pin: Pin H1-5
Add Pin To Net: Unknown Pin: Pin H1-6
Add Pin To Net: Unknown Pin: Pin H1-7
Add Pin To Net: Unknown Pin: Pin H1-8
Add Pin To Net: Unknown Pin: Pin U1-60
