Removed Pin From Net: NetName=+3.3V Pin=H1-03
Removed Pin From Net: NetName=MCU_SWDIO Pin=H1-04
Removed Pin From Net: NetName=GND Pin=H1-05
Removed Pin From Net: NetName=MCU_SWCLK Pin=H1-06
Removed Pin From Net: NetName=GND Pin=H1-07
Removed Pin From Net: NetName=MCU_SWO Pin=H1-08
Remove Pin from Net: Failed to remove Pin
Removed Pin From Net: NetName=NetJ3_2 Pin=U3-3
Change Component Designator: OldDesignator=C? NewDesignator=C34
Added Component: Designator=C33(FP-C0201-AB-MFG)
Add component (AddParameter): Name = "Automotive"; Value = "No"; VariantName = "[No Variations]"
Add component (AddParameter): Name = "Capacitance"; Value = "100 pF"; VariantName = "[No Variations]"
Add component (AddParameter): Name = "Category"; Value = "Cap"; VariantName = "[No Variations]"
Add component (AddParameter): Name = "ComponentLink2Description"; Value = "Datasheet"; VariantName = "[No Variations]"
Add component (AddParameter): Name = "ComponentLink2URL"; Value = "https://content.kemet.com/datasheets/KEM_C1003_C0G_SMD.pdf"; VariantName = "[No Variations]"
Add component (AddParameter): Name = "Device Class L1"; Value = "Passive Components"; VariantName = "[No Variations]"
Add component (AddParameter): Name = "Device Class L2"; Value = "Capacitors"; VariantName = "[No Variations]"
Add component (AddParameter): Name = "Device Class L3"; Value = "Ceramic Capacitors"; VariantName = "[No Variations]"
Add component (AddParameter): Name = "Digikey Description"; Value = "CAP CER 100PF 25V 5% NP0 0201"; VariantName = "[No Variations]"
Add component (AddParameter): Name = "Height"; Value = "0.33mm"; VariantName = "[No Variations]"
Add component (AddParameter): Name = "Ipc Land Pattern Name"; Value = "CAPC6030X30"; VariantName = "[No Variations]"
Add component (AddParameter): Name = "Lead Free"; Value = "Yes"; VariantName = "[No Variations]"
Add component (AddParameter): Name = "Manufacturer"; Value = "KEMET"; VariantName = "[No Variations]"
Add component (AddParameter): Name = "Manufacturer Part Number"; Value = "C0201C101K3GACTU"; VariantName = "[No Variations]"
Add component (AddParameter): Name = "Material"; Value = "Ceramic"; VariantName = "[No Variations]"
Add component (AddParameter): Name = "Mouser Description"; Value = "Multilayer Ceramic Capacitors MLCC - SMD/SMT 25volts 100pF C0G 10%"; VariantName = "[No Variations]"
Add component (AddParameter): Name = "Octopart"; Value = "https://octopart.com/c0201c101k3gactu-kemet-17054818"; VariantName = "[No Variations]"
Add component (AddParameter): Name = "Package"; Value = "C0201-AB"; VariantName = "[No Variations]"
Add component (AddParameter): Name = "RoHS"; Value = "TRUE"; VariantName = "[No Variations]"
Add component (AddParameter): Name = "Standoff Height"; Value = "0mm"; VariantName = "[No Variations]"
Add component (AddParameter): Name = "Temperature"; Value = "-55°C to +125°C"; VariantName = "[No Variations]"
Add component (AddParameter): Name = "Temperature Characteristic"; Value = "C0G"; VariantName = "[No Variations]"
Add component (AddParameter): Name = "Temperature Coefficient"; Value = "30ppm/°C"; VariantName = "[No Variations]"
Add component (AddParameter): Name = "Temperature Range High"; Value = "+125°C"; VariantName = "[No Variations]"
Add component (AddParameter): Name = "Temperature Range Low"; Value = "-55°C"; VariantName = "[No Variations]"
Add component (AddParameter): Name = "Tolerance"; Value = "0.1"; VariantName = "[No Variations]"
Add component (AddParameter): Name = "Value"; Value = "100 pF"; VariantName = "[No Variations]"
Add component (AddParameter): Name = "Voltage Rating"; Value = "25 V"; VariantName = "[No Variations]"
Added Component: Designator=R33(RESC1609X50X30NL10T20)
Add component (AddParameter): Name = "Manufacturer"; Value = "Vishay Dale"; VariantName = "[No Variations]"
Add component (AddParameter): Name = "Part Number"; Value = "CRCW06031K58FKEA"; VariantName = "[No Variations]"
Added Pin To Net: NetName=GND Pin=C33-2
Add Pin To Net: Unknown Pin: Pin H1-3
Add Pin To Net: Unknown Pin: Pin H1-4
Add Pin To Net: Unknown Pin: Pin H1-5
Add Pin To Net: Unknown Pin: Pin H1-6
Add Pin To Net: Unknown Pin: Pin H1-7
Add Pin To Net: Unknown Pin: Pin H1-8
Added Pin To Net: NetName=NetJ3_2 Pin=R33-1
Add Pin To Net: Unknown Pin: Pin U1-60
Added Pin To Net: NetName=NetC33_1 Pin=C33-1
Added Pin To Net: NetName=NetC33_1 Pin=R33-2
Added Pin To Net: NetName=NetC33_1 Pin=U3-3
Added Net: Name=NetC33_1
Added Member To Class: ClassName=sensors Member=Component C33 C0201C101K3GACTU
Added Member To Class: ClassName=sensors Member=Component R33 CRCW06031K58FKEA
